<?xml version="1.0" encoding="utf-8"?>
<resources>

    <!-- Runnable任务防护， scope配置生效的包名范围-->
    <defendClass class="test.defendclass.NormalTest" >
        <defendMethod name="testDefend"/>
        <defendMethod name="helloDefend"/>
    </defendClass>

</resources>